<?xml version="1.0" encoding="UTF-8" ?>
<testsuite errors="0" failures="0" hostname="ph-suse" name="test.jms.cluster.TestClusterJNDI" tests="9" time="0.389" timestamp="2012-06-27T02:27:29">
  <properties>
[...]
</properties>
  <testcase classname="test.jms.cluster.TestClusterJNDI" name="testJndiClusterQueue" time="0.249" />
  <testcase classname="test.jms.conform.connection.ConnectionTest" name="testStartStatus" time="0.519">
    <error type="java.lang.NullPointerException">java.lang.NullPointerException
	at test.jms.conform.connection.ConnectionTest.testStartStatus(ConnectionTest.java:27)
</error>
  </testcase>
  <testcase classname="test.jms.conform.connection.ConnectionTest" name="testAcknowledge" time="0.029">
    <failure type="java.lang.NullPointerException">java.lang.NullPointerException
	at test.jms.conform.connection.ConnectionTest.testAcknowledge(ConnectionTest.java:80)
</failure>  
  </testcase>
  <system-out><![CDATA[]]></system-out>
  <system-err><![CDATA[]]></system-err>
</testsuite>
